2022-12-16 04:50:05,542:INFO:Defender loaded into UI
2022-12-16 04:50:05,573:INFO:Defender loaded into UI
2022-12-16 04:54:32,891:INFO:Defender loaded into UI
2022-12-16 04:54:32,891:INFO:Defender loaded into UI
2022-12-16 04:54:32,936:INFO:Defender loaded into UI
2022-12-16 04:54:32,936:INFO:Defender loaded into UI
2022-12-16 04:56:46,950:INFO:Defender loaded into UI
2022-12-16 04:56:46,980:INFO:Defender loaded into UI
2022-12-16 05:27:50,398:INFO:Defender loaded into UI
2022-12-16 05:27:50,433:INFO:Defender loaded into UI
2022-12-16 05:30:34,529:INFO:Defender loaded into UI
2022-12-16 05:30:34,529:INFO:Defender loaded into UI
2022-12-16 05:30:34,599:INFO:Defender loaded into UI
2022-12-16 05:30:34,599:INFO:Defender loaded into UI
2022-12-16 05:41:58,705:INFO:Defender loaded into UI
2022-12-16 05:41:58,737:INFO:Defender loaded into UI
2022-12-16 05:47:27,644:INFO:Defender loaded into UI
2022-12-16 05:47:27,675:INFO:Defender loaded into UI
2022-12-16 05:47:47,452:INFO:config is at /home/zachary/stable-diffusion-webui/config.ini
2022-12-16 05:47:47,453:INFO:blacklist is at /home/zachary/stable-diffusion-webui/blacklist.txt
2022-12-16 05:56:56,655:INFO:Defender loaded into UI
2022-12-16 05:56:56,687:INFO:Defender loaded into UI
2022-12-16 05:57:16,115:INFO:config is at /home/zachary/stable-diffusion-webui/extensions/DiffusionDefender/config.ini
2022-12-16 05:57:16,116:INFO:blacklist is at /home/zachary/stable-diffusion-webui/extensions/DiffusionDefender/blacklist.txt
